TN:
SF:src/content/ui/App.tsx
FN:14,(anonymous_10)
FN:23,(anonymous_11)
FN:24,(anonymous_12)
FN:32,(anonymous_13)
FN:33,(anonymous_14)
FN:56,(anonymous_15)
FN:57,(anonymous_16)
FN:67,(anonymous_17)
FN:75,(anonymous_18)
FN:89,(anonymous_19)
FN:101,(anonymous_20)
FN:102,(anonymous_21)
FN:113,(anonymous_22)
FN:117,(anonymous_23)
FN:130,(anonymous_24)
FN:140,(anonymous_25)
FNF:16
FNH:6
FNDA:13,(anonymous_10)
FNDA:12,(anonymous_11)
FNDA:12,(anonymous_12)
FNDA:12,(anonymous_13)
FNDA:0,(anonymous_14)
FNDA:12,(anonymous_15)
FNDA:0,(anonymous_16)
FNDA:12,(anonymous_17)
FNDA:0,(anonymous_18)
FNDA:0,(anonymous_19)
FNDA:0,(anonymous_20)
FNDA:0,(anonymous_21)
FNDA:0,(anonymous_22)
FNDA:0,(anonymous_23)
FNDA:0,(anonymous_24)
FNDA:0,(anonymous_25)
DA:2,1
DA:3,1
DA:4,1
DA:5,1
DA:6,1
DA:7,1
DA:8,1
DA:9,1
DA:14,1
DA:15,13
DA:16,13
DA:17,13
DA:18,13
DA:23,13
DA:24,12
DA:25,12
DA:32,13
DA:33,12
DA:34,0
DA:36,0
DA:38,0
DA:39,0
DA:42,0
DA:43,0
DA:46,0
DA:50,12
DA:56,13
DA:57,12
DA:58,0
DA:59,0
DA:61,0
DA:62,0
DA:65,12
DA:67,12
DA:68,12
DA:75,13
DA:76,0
DA:77,0
DA:78,0
DA:80,0
DA:89,13
DA:90,0
DA:91,0
DA:92,0
DA:94,0
DA:101,13
DA:102,0
DA:104,0
DA:113,0
DA:114,0
DA:117,0
DA:118,0
DA:119,0
DA:120,0
DA:121,0
DA:130,13
DA:132,0
DA:133,0
DA:140,13
DA:141,0
DA:144,13
LF:61
LH:30
BRDA:36,0,0,0
BRDA:36,0,1,0
BRDA:36,0,2,0
BRDA:90,1,0,0
BRDA:90,1,1,0
BRDA:90,2,0,0
BRDA:90,2,1,0
BRDA:94,3,0,0
BRDA:94,3,1,0
BRDA:118,4,0,0
BRDA:132,5,0,0
BRDA:133,6,0,0
BRDA:133,6,1,0
BRF:13
BRH:0
end_of_record
TN:
SF:src/content/ui/MonacoErrorBoundary.tsx
FN:36,(anonymous_1)
FN:95,(anonymous_2)
FN:105,(anonymous_3)
FN:44,(anonymous_4)
FN:45,(anonymous_5)
FN:48,(anonymous_6)
FN:52,(anonymous_7)
FN:54,(anonymous_8)
FN:66,(anonymous_9)
FN:85,(anonymous_10)
FN:116,(anonymous_11)
FN:125,(anonymous_12)
FN:135,(anonymous_13)
FN:148,(anonymous_14)
FNF:14
FNH:11
FNDA:28,(anonymous_1)
FNDA:0,(anonymous_2)
FNDA:0,(anonymous_3)
FNDA:32,(anonymous_4)
FNDA:307,(anonymous_5)
FNDA:27,(anonymous_6)
FNDA:26,(anonymous_7)
FNDA:24,(anonymous_8)
FNDA:3,(anonymous_9)
FNDA:26,(anonymous_10)
FNDA:4,(anonymous_11)
FNDA:1,(anonymous_12)
FNDA:35,(anonymous_13)
FNDA:0,(anonymous_14)
DA:1,2
DA:16,2
DA:17,27
DA:18,27
DA:21,2
DA:37,28
DA:38,27
DA:40,27
DA:41,27
DA:45,307
DA:49,27
DA:54,26
DA:55,24
DA:57,24
DA:59,7
DA:63,17
DA:66,26
DA:67,3
DA:69,3
DA:71,2
DA:75,1
DA:79,26
DA:82,26
DA:87,26
DA:88,26
DA:91,26
DA:92,26
DA:95,27
DA:96,0
DA:98,0
DA:99,0
DA:100,0
DA:101,0
DA:105,27
DA:106,0
DA:107,0
DA:109,0
DA:110,0
DA:111,0
DA:112,0
DA:118,4
DA:119,1
DA:122,3
DA:127,1
DA:128,0
DA:132,1
DA:136,35
DA:137,2
DA:148,0
DA:164,33
LF:50
LH:37
BRDA:96,0,0,0
BRDA:96,0,1,0
BRDA:96,0,2,0
BRDA:98,1,0,0
BRDA:107,2,0,0
BRDA:107,2,1,0
BRDA:107,3,0,0
BRDA:107,3,1,0
BRDA:109,4,0,0
BRDA:57,5,0,7
BRDA:69,6,0,2
BRDA:69,7,0,3
BRDA:69,7,1,1
BRDA:118,8,0,1
BRDA:127,9,0,0
BRDA:136,10,0,2
BRDA:146,11,0,2
BRDA:146,11,1,0
BRF:18
BRH:7
end_of_record
TN:
SF:src/content/ui/SchemaDrawer.tsx
FN:31,(anonymous_10)
FN:47,(anonymous_11)
FN:48,(anonymous_12)
FN:88,(anonymous_13)
FN:98,(anonymous_14)
FN:112,(anonymous_15)
FN:132,(anonymous_16)
FN:154,(anonymous_17)
FN:198,(anonymous_18)
FN:232,(anonymous_19)
FNF:10
FNH:7
FNDA:20,(anonymous_10)
FNDA:13,(anonymous_11)
FNDA:13,(anonymous_12)
FNDA:0,(anonymous_13)
FNDA:1,(anonymous_14)
FNDA:1,(anonymous_15)
FNDA:1,(anonymous_16)
FNDA:0,(anonymous_17)
FNDA:0,(anonymous_18)
FNDA:47,(anonymous_19)
DA:2,1
DA:3,1
DA:4,1
DA:5,1
DA:6,1
DA:7,1
DA:8,1
DA:9,1
DA:31,1
DA:39,20
DA:40,20
DA:41,20
DA:42,20
DA:47,20
DA:48,13
DA:49,13
DA:50,13
DA:51,13
DA:53,13
DA:54,0
DA:55,0
DA:57,0
DA:58,0
DA:59,0
DA:60,0
DA:62,0
DA:63,0
DA:64,0
DA:65,0
DA:68,13
DA:69,13
DA:70,13
DA:71,13
DA:74,0
DA:75,0
DA:76,0
DA:77,0
DA:82,13
DA:88,20
DA:89,0
DA:90,0
DA:91,0
DA:98,20
DA:99,1
DA:100,1
DA:101,1
DA:102,1
DA:103,1
DA:105,0
DA:112,20
DA:113,1
DA:114,1
DA:115,1
DA:117,1
DA:118,1
DA:119,1
DA:120,1
DA:122,0
DA:125,0
DA:132,20
DA:133,1
DA:135,1
DA:136,0
DA:137,0
DA:139,0
DA:140,0
DA:141,0
DA:142,0
DA:144,0
DA:147,1
DA:154,20
DA:155,0
DA:156,0
DA:158,0
DA:160,0
DA:162,0
DA:164,0
DA:165,0
DA:166,0
DA:167,0
DA:168,0
DA:169,0
DA:171,0
DA:175,0
DA:176,0
DA:177,0
DA:178,0
DA:179,0
DA:183,0
DA:184,0
DA:185,0
DA:186,0
DA:189,0
DA:191,0
DA:198,20
DA:199,0
DA:202,20
DA:233,47
LF:98
LH:47
BRDA:49,0,0,13
BRDA:49,1,0,13
BRDA:49,1,1,13
BRDA:53,2,0,0
BRDA:53,2,1,13
BRDA:53,3,0,13
BRDA:53,3,1,0
BRDA:57,4,0,0
BRDA:57,4,1,0
BRDA:89,5,0,0
BRDA:117,6,0,1
BRDA:117,6,1,0
BRDA:117,7,0,1
BRDA:117,7,1,1
BRDA:122,8,0,0
BRDA:122,8,1,0
BRDA:135,9,0,0
BRDA:135,9,1,1
BRDA:135,10,0,1
BRDA:135,10,1,0
BRDA:139,11,0,0
BRDA:139,11,1,0
BRDA:141,12,0,0
BRDA:141,12,1,0
BRDA:141,13,0,0
BRDA:141,13,1,0
BRDA:147,14,0,1
BRDA:147,14,1,0
BRDA:160,15,0,0
BRDA:160,15,1,0
BRDA:162,16,0,0
BRDA:162,16,1,0
BRDA:221,17,0,0
BRDA:221,17,1,20
BRDA:230,18,0,20
BRDA:230,18,1,20
BRDA:230,18,2,20
BRF:37
BRH:15
end_of_record
TN:
SF:src/content/ui/Tooltip.tsx
FN:17,(anonymous_1)
FN:25,(anonymous_2)
FN:28,(anonymous_3)
FNF:3
FNH:0
FNDA:0,(anonymous_1)
FNDA:0,(anonymous_2)
FNDA:0,(anonymous_3)
DA:2,0
DA:3,0
DA:17,0
DA:23,0
DA:25,0
DA:26,0
DA:27,0
DA:28,0
DA:29,0
DA:31,0
DA:33,0
DA:36,0
LF:12
LH:0
BRDA:23,0,0,0
BRDA:26,1,0,0
BRF:2
BRH:0
end_of_record
TN:
SF:src/content/ui/styles.ts
FN:20,(anonymous_1)
FNF:1
FNH:0
FNDA:0,(anonymous_1)
DA:1,1
DA:7,1
DA:17,1
DA:21,0
DA:36,1
DA:46,1
DA:60,1
DA:72,1
DA:82,1
DA:91,1
DA:99,1
DA:110,1
LF:12
LH:11
BRDA:21,0,0,0
BRDA:21,0,1,0
BRF:2
BRH:0
end_of_record
TN:
SF:src/options/OptionsApp.tsx
FN:35,(anonymous_10)
FN:45,(anonymous_11)
FN:49,(anonymous_12)
FN:79,(anonymous_13)
FN:105,(anonymous_14)
FNF:5
FNH:3
FNDA:5,(anonymous_10)
FNDA:5,(anonymous_11)
FNDA:5,(anonymous_12)
FNDA:0,(anonymous_13)
FNDA:0,(anonymous_14)
DA:1,1
DA:2,1
DA:3,1
DA:4,1
DA:5,1
DA:7,1
DA:8,1
DA:10,1
DA:18,1
DA:23,1
DA:35,1
DA:36,5
DA:37,5
DA:38,5
DA:39,5
DA:40,5
DA:45,5
DA:46,5
DA:49,5
DA:50,5
DA:51,5
DA:52,5
DA:53,0
DA:54,0
DA:55,0
DA:56,0
DA:58,0
DA:59,0
DA:60,0
DA:61,0
DA:72,5
DA:79,5
DA:80,0
DA:81,0
DA:82,0
DA:83,0
DA:88,0
DA:89,0
DA:90,0
DA:91,0
DA:92,0
DA:93,0
DA:94,0
DA:96,0
DA:98,0
DA:105,5
DA:106,0
DA:118,5
LF:48
LH:26
BRF:0
BRH:0
end_of_record
TN:
SF:src/utils/element-detector.ts
FN:12,isVisibleElement
FN:35,searchDescendants
FN:79,searchAncestors
FN:112,findElementWithSchemaParams
FN:178,getElementAttributes
FN:189,(anonymous_5)
FN:199,hasValidAttributes
FN:206,getElementPosition
FN:219,getMousePosition
FN:229,isClickInside
FN:245,addHighlight
FN:254,removeHighlight
FN:263,addCandidateHighlight
FN:272,removeCandidateHighlight
FNF:14
FNH:9
FNDA:119,isVisibleElement
FNDA:28,searchDescendants
FNDA:28,searchAncestors
FNDA:9,findElementWithSchemaParams
FNDA:19,getElementAttributes
FNDA:87,(anonymous_5)
FNDA:6,hasValidAttributes
FNDA:0,getElementPosition
FNDA:0,getMousePosition
FNDA:0,isClickInside
FNDA:0,addHighlight
FNDA:0,removeHighlight
FNDA:2,addCandidateHighlight
FNDA:1,removeCandidateHighlight
DA:2,1
DA:5,1
DA:7,1
DA:12,1
DA:14,119
DA:15,119
DA:16,13
DA:20,106
DA:21,106
DA:26,3
DA:29,103
DA:40,28
DA:41,28
DA:42,28
DA:44,28
DA:45,68
DA:48,68
DA:51,65
DA:52,65
DA:53,51
DA:56,51
DA:59,42
DA:60,2
DA:64,40
DA:65,19
DA:69,40
DA:73,28
DA:84,28
DA:85,28
DA:86,28
DA:88,28
DA:90,30
DA:91,0
DA:92,0
DA:93,0
DA:97,30
DA:98,1
DA:101,30
DA:102,30
DA:105,28
DA:112,1
DA:116,9
DA:117,9
DA:118,9
DA:121,9
DA:123,9
DA:126,9
DA:127,29
DA:130,29
DA:131,1
DA:135,28
DA:136,0
DA:140,28
DA:141,6
DA:145,28
DA:146,28
DA:151,28
DA:155,28
DA:156,28
DA:161,28
DA:166,9
DA:169,9
DA:171,9
DA:178,1
DA:179,19
DA:180,18
DA:181,18
DA:183,16
DA:184,2
DA:187,14
DA:189,87
DA:192,14
DA:199,1
DA:200,6
DA:206,1
DA:207,0
DA:208,0
DA:219,1
DA:220,0
DA:229,1
DA:233,0
DA:234,0
DA:245,1
DA:246,0
DA:247,0
DA:248,0
DA:254,1
DA:255,0
DA:256,0
DA:257,0
DA:263,1
DA:264,2
DA:265,2
DA:266,2
DA:272,1
DA:273,1
DA:274,1
DA:275,1
LF:98
LH:83
BRDA:15,0,0,13
BRDA:21,1,0,3
BRDA:22,2,0,106
BRDA:22,2,1,105
BRDA:22,2,2,104
BRDA:48,3,0,3
BRDA:56,4,0,9
BRDA:59,5,0,2
BRDA:59,6,0,42
BRDA:59,6,1,40
BRDA:64,7,0,19
BRDA:88,8,0,58
BRDA:88,8,1,30
BRDA:90,9,0,0
BRDA:90,10,0,30
BRDA:90,10,1,30
BRDA:97,11,0,1
BRDA:97,12,0,30
BRDA:97,12,1,30
BRDA:130,13,0,1
BRDA:135,14,0,0
BRDA:140,15,0,6
BRDA:145,16,0,28
BRDA:155,17,0,28
BRDA:169,18,0,6
BRDA:169,18,1,3
BRDA:183,19,0,2
BRDA:235,20,0,0
BRDA:235,20,1,0
BRDA:235,20,2,0
BRDA:235,20,3,0
BRF:31
BRH:25
end_of_record
TN:
SF:src/utils/json-serializer.ts
FN:17,(anonymous_0)
FN:43,(anonymous_1)
FN:126,(anonymous_2)
FNF:3
FNH:3
FNDA:4,(anonymous_0)
FNDA:8,(anonymous_1)
FNDA:8,(anonymous_2)
DA:17,2
DA:18,4
DA:19,4
DA:20,4
DA:25,0
DA:43,2
DA:44,8
DA:45,8
DA:47,8
DA:48,8
DA:51,8
DA:52,2
DA:60,6
DA:61,6
DA:62,4
DA:63,4
DA:67,6
DA:68,6
DA:69,6
DA:70,4
DA:71,4
DA:74,2
DA:75,2
DA:76,0
DA:77,0
DA:78,0
DA:79,0
DA:82,0
DA:86,2
DA:91,6
DA:92,0
DA:101,6
DA:102,2
DA:108,4
DA:114,0
DA:126,2
DA:127,8
DA:131,8
DA:132,3
DA:138,8
DA:140,5
DA:143,5
DA:144,5
DA:145,3
DA:151,5
LF:45
LH:37
BRDA:51,0,0,2
BRDA:61,1,0,4
BRDA:67,2,0,10
BRDA:67,2,1,6
BRDA:75,3,0,0
BRDA:91,4,0,0
BRDA:91,5,0,6
BRDA:91,5,1,0
BRDA:101,6,0,2
BRDA:111,7,0,4
BRDA:111,7,1,0
BRDA:131,8,0,3
BRDA:131,9,0,8
BRDA:131,9,1,3
BRDA:138,10,0,5
BRF:15
BRH:11
end_of_record
TN:
SF:src/utils/logger.ts
FN:7,(anonymous_0)
FN:14,(anonymous_1)
FN:30,(anonymous_2)
FN:39,(anonymous_3)
FN:48,(anonymous_4)
FN:57,(anonymous_5)
FNF:6
FNH:2
FNDA:1,(anonymous_0)
FNDA:1,(anonymous_1)
FNDA:0,(anonymous_2)
FNDA:0,(anonymous_3)
FNDA:0,(anonymous_4)
FNDA:0,(anonymous_5)
DA:1,1
DA:8,1
DA:9,1
DA:15,1
DA:17,1
DA:18,1
DA:19,0
DA:22,1
DA:23,1
DA:31,0
DA:32,0
DA:40,0
DA:41,0
DA:49,0
DA:50,0
DA:58,0
DA:62,1
DA:65,1
LF:18
LH:10
BRDA:15,0,0,0
BRDA:31,1,0,0
BRDA:40,2,0,0
BRDA:49,3,0,0
BRF:4
BRH:0
end_of_record
TN:
SF:src/utils/markdown-parser.ts
FN:9,parseMarkdownString
FN:26,parserSchemaNodeToMarkdown
FN:40,isStringData
FN:50,isElementsArray
FN:55,(anonymous_4)
FNF:5
FNH:5
FNDA:14,parseMarkdownString
FNDA:8,parserSchemaNodeToMarkdown
FNDA:9,isStringData
FNDA:20,isElementsArray
FNDA:16,(anonymous_4)
DA:2,2
DA:9,2
DA:10,14
DA:11,14
DA:12,14
DA:13,14
DA:15,0
DA:16,0
DA:26,2
DA:27,8
DA:28,8
DA:30,0
DA:31,0
DA:40,2
DA:41,9
DA:50,2
DA:51,20
DA:52,6
DA:55,14
DA:56,16
LF:20
LH:16
BRDA:12,0,0,14
BRDA:12,0,1,0
BRDA:51,1,0,6
BRDA:51,2,0,20
BRDA:51,2,1,15
BRDA:57,3,0,16
BRDA:57,3,1,16
BRDA:57,3,2,14
BRDA:57,3,3,10
BRF:9
BRH:8
end_of_record
TN:
SF:src/utils/message.ts
FN:6,sendMessageToBackground
FN:19,sendMessageToContent
FN:35,listenChromeMessages
FN:38,(anonymous_3)
FN:43,(anonymous_4)
FN:54,postMessageToPage
FN:68,listenPageMessages
FN:71,(anonymous_7)
FN:84,(anonymous_8)
FNF:9
FNH:4
FNDA:7,sendMessageToBackground
FNDA:0,sendMessageToContent
FNDA:0,listenChromeMessages
FNDA:0,(anonymous_3)
FNDA:0,(anonymous_4)
FNDA:121,postMessageToPage
FNDA:12,listenPageMessages
FNDA:0,(anonymous_7)
FNDA:12,(anonymous_8)
DA:6,2
DA:7,7
DA:8,7
DA:9,6
DA:11,1
DA:12,1
DA:19,2
DA:23,0
DA:24,0
DA:25,0
DA:27,0
DA:28,0
DA:35,2
DA:38,0
DA:39,0
DA:42,0
DA:43,0
DA:44,0
DA:47,0
DA:54,2
DA:55,121
DA:60,121
DA:62,121
DA:68,2
DA:71,12
DA:73,0
DA:76,0
DA:78,0
DA:81,12
DA:84,12
DA:85,12
LF:31
LH:17
BRDA:42,0,0,0
BRDA:73,1,0,0
BRDA:76,2,0,0
BRDA:76,3,0,0
BRDA:76,3,1,0
BRF:5
BRH:0
end_of_record
TN:
SF:src/utils/storage.ts
FN:7,(anonymous_0)
FN:37,(anonymous_1)
FN:50,(anonymous_2)
FN:63,(anonymous_3)
FN:73,(anonymous_4)
FN:86,(anonymous_5)
FN:99,(anonymous_6)
FN:112,(anonymous_7)
FN:125,(anonymous_8)
FN:138,(anonymous_9)
FN:153,(anonymous_10)
FN:166,(anonymous_11)
FN:179,(anonymous_12)
FN:193,(anonymous_13)
FN:206,(anonymous_14)
FN:219,(anonymous_15)
FN:232,(anonymous_16)
FN:245,(anonymous_17)
FNF:18
FNH:16
FNDA:1,(anonymous_0)
FNDA:7,(anonymous_1)
FNDA:3,(anonymous_2)
FNDA:0,(anonymous_3)
FNDA:6,(anonymous_4)
FNDA:2,(anonymous_5)
FNDA:6,(anonymous_6)
FNDA:2,(anonymous_7)
FNDA:10,(anonymous_8)
FNDA:3,(anonymous_9)
FNDA:7,(anonymous_10)
FNDA:6,(anonymous_11)
FNDA:2,(anonymous_12)
FNDA:6,(anonymous_13)
FNDA:2,(anonymous_14)
FNDA:4,(anonymous_15)
FNDA:0,(anonymous_16)
FNDA:4,(anonymous_17)
DA:8,1
DA:19,1
DA:38,7
DA:39,7
DA:40,6
DA:42,1
DA:43,1
DA:51,3
DA:52,3
DA:56,1
DA:64,0
DA:65,0
DA:66,0
DA:67,0
DA:74,6
DA:75,6
DA:76,6
DA:78,0
DA:79,0
DA:87,2
DA:88,2
DA:92,0
DA:100,6
DA:101,6
DA:102,6
DA:104,0
DA:105,0
DA:113,2
DA:114,2
DA:118,0
DA:126,10
DA:127,10
DA:128,10
DA:130,0
DA:131,0
DA:139,3
DA:140,3
DA:141,3
DA:142,3
DA:146,0
DA:154,7
DA:155,7
DA:156,6
DA:158,1
DA:159,1
DA:167,6
DA:168,6
DA:169,6
DA:171,0
DA:172,0
DA:180,2
DA:181,2
DA:186,1
DA:194,6
DA:195,6
DA:196,6
DA:198,0
DA:199,0
DA:207,2
DA:208,2
DA:212,0
DA:220,4
DA:221,4
DA:222,4
DA:224,0
DA:225,0
DA:233,0
DA:234,0
DA:238,0
DA:246,4
DA:256,4
DA:260,1
LF:72
LH:49
BRDA:40,0,0,6
BRDA:40,0,1,2
BRDA:76,1,0,6
BRDA:76,1,1,3
BRDA:102,2,0,6
BRDA:102,2,1,3
BRDA:128,3,0,10
BRDA:128,3,1,3
BRDA:156,4,0,6
BRDA:156,4,1,3
BRDA:169,5,0,6
BRDA:169,5,1,3
BRDA:196,6,0,6
BRDA:196,6,1,4
BRDA:222,7,0,4
BRDA:222,7,1,4
BRF:16
BRH:16
end_of_record
